0 info it worked if it ends with ok
1 verbose cli [ 'C:\\Program Files\\nodejs\\\\node.exe',
1 verbose cli   'C:\\Program Files\\nodejs\\node_modules\\npm\\bin\\npm-cli.js',
1 verbose cli   'i',
1 verbose cli   'q',
1 verbose cli   '-S' ]
2 info using npm@2.11.3
3 info using node@v0.12.7
4 verbose install initial load of D:\github\cec_quantity\package.json
5 warn package.json cec@1.0.0 No repository field.
6 verbose installManyTop reading scoped package data from D:\github\cec_quantity\node_modules\babel-core\package.json
7 verbose installManyTop reading scoped package data from D:\github\cec_quantity\node_modules\babel-loader\package.json
8 verbose installManyTop reading scoped package data from D:\github\cec_quantity\node_modules\body-parser\package.json
9 verbose installManyTop reading scoped package data from D:\github\cec_quantity\node_modules\classnames\package.json
10 verbose installManyTop reading scoped package data from D:\github\cec_quantity\node_modules\cookie-parser\package.json
11 verbose installManyTop reading scoped package data from D:\github\cec_quantity\node_modules\css-loader\package.json
12 verbose installManyTop reading scoped package data from D:\github\cec_quantity\node_modules\express\package.json
13 verbose installManyTop reading scoped package data from D:\github\cec_quantity\node_modules\file-loader\package.json
14 verbose installManyTop reading scoped package data from D:\github\cec_quantity\node_modules\history\package.json
15 verbose installManyTop reading scoped package data from D:\github\cec_quantity\node_modules\less\package.json
16 verbose installManyTop reading scoped package data from D:\github\cec_quantity\node_modules\less-loader\package.json
17 verbose installManyTop reading scoped package data from D:\github\cec_quantity\node_modules\lodash\package.json
18 verbose installManyTop reading scoped package data from D:\github\cec_quantity\node_modules\log4js\package.json
19 verbose installManyTop reading scoped package data from D:\github\cec_quantity\node_modules\material-ui\package.json
20 verbose installManyTop reading scoped package data from D:\github\cec_quantity\node_modules\morgan\package.json
21 verbose installManyTop reading scoped package data from D:\github\cec_quantity\node_modules\mysql\package.json
22 verbose installManyTop reading scoped package data from D:\github\cec_quantity\node_modules\node-sass\package.json
23 verbose installManyTop reading scoped package data from D:\github\cec_quantity\node_modules\react\package.json
24 verbose installManyTop reading scoped package data from D:\github\cec_quantity\node_modules\react-dom\package.json
25 verbose installManyTop reading scoped package data from D:\github\cec_quantity\node_modules\react-router\package.json
26 verbose installManyTop reading scoped package data from D:\github\cec_quantity\node_modules\react-tap-event-plugin\package.json
27 verbose installManyTop reading scoped package data from D:\github\cec_quantity\node_modules\sass-loader\package.json
28 verbose installManyTop reading scoped package data from D:\github\cec_quantity\node_modules\sequelize\package.json
29 verbose installManyTop reading scoped package data from D:\github\cec_quantity\node_modules\socket.io\package.json
30 verbose installManyTop reading scoped package data from D:\github\cec_quantity\node_modules\socket.io-client\package.json
31 verbose installManyTop reading scoped package data from D:\github\cec_quantity\node_modules\style-loader\package.json
32 verbose installManyTop reading scoped package data from D:\github\cec_quantity\node_modules\url-loader\package.json
33 verbose installManyTop reading scoped package data from D:\github\cec_quantity\node_modules\webpack\package.json
34 info package.json babel-core@5.8.30 No README data
35 info package.json less-loader@2.2.2 No license field.
36 info package.json react-tap-event-plugin@0.2.1 No license field.
37 info package.json socket.io@1.3.7 No license field.
38 verbose readDependencies loading dependencies from D:\github\cec_quantity\package.json
39 silly cache add args [ 'q', null ]
40 verbose cache add spec q
41 silly cache add parsed spec { raw: 'q',
41 silly cache add   scope: null,
41 silly cache add   name: 'q',
41 silly cache add   rawSpec: '',
41 silly cache add   spec: '*',
41 silly cache add   type: 'range' }
42 silly addNamed q@*
43 verbose addNamed "*" is a valid semver range for q
44 silly addNameRange { name: 'q', range: '*', hasData: false }
45 silly mapToRegistry name q
46 silly mapToRegistry using default registry
47 silly mapToRegistry registry https://registry.npmjs.org/
48 silly mapToRegistry uri https://registry.npmjs.org/q
49 verbose addNameRange registry:https://registry.npmjs.org/q not in flight; fetching
50 verbose request uri https://registry.npmjs.org/q
51 verbose request no auth needed
52 info attempt registry request try #1 at 19:55:20
53 verbose request id afc6d4a3433c3c7f
54 verbose etag "1KCL8XTT0TP2FAOJQG0SP90B9"
55 http request GET https://registry.npmjs.org/q
56 http 200 https://registry.npmjs.org/q
57 silly get cb [ 200,
57 silly get   { server: 'CouchDB/1.5.0 (Erlang OTP/R16B03)',
57 silly get     etag: '"6AGGMDO4UN9GBW9P2SXH993JW"',
57 silly get     'content-type': 'application/json',
57 silly get     'cache-control': 'max-age=300',
57 silly get     'content-length': '144137',
57 silly get     'accept-ranges': 'bytes',
57 silly get     date: 'Mon, 04 Jan 2016 11:55:22 GMT',
57 silly get     via: '1.1 varnish',
57 silly get     age: '226',
57 silly get     connection: 'keep-alive',
57 silly get     'x-served-by': 'cache-hkg6821-HKG',
57 silly get     'x-cache': 'HIT',
57 silly get     'x-cache-hits': '3',
57 silly get     'x-timer': 'S1451908522.830674,VS0,VE0',
57 silly get     vary: 'Accept' } ]
58 verbose get saving q to C:\Users\catydeter\AppData\Roaming\npm-cache\registry.npmjs.org\q\.cache.json
59 silly addNameRange number 2 { name: 'q', range: '*', hasData: true }
60 silly addNameRange versions [ 'q',
60 silly addNameRange   [ '0.0.0',
60 silly addNameRange     '0.0.1',
60 silly addNameRange     '0.0.2',
60 silly addNameRange     '0.0.3',
60 silly addNameRange     '0.1.0',
60 silly addNameRange     '0.1.1',
60 silly addNameRange     '0.1.2',
60 silly addNameRange     '0.1.3',
60 silly addNameRange     '0.1.4',
60 silly addNameRange     '0.1.5',
60 silly addNameRange     '0.1.6',
60 silly addNameRange     '0.1.7',
60 silly addNameRange     '0.1.8',
60 silly addNameRange     '0.1.9',
60 silly addNameRange     '0.2.0-rc1',
60 silly addNameRange     '0.2.0',
60 silly addNameRange     '0.2.1',
60 silly addNameRange     '0.2.2',
60 silly addNameRange     '0.2.3',
60 silly addNameRange     '0.2.4',
60 silly addNameRange     '0.2.5',
60 silly addNameRange     '0.2.6',
60 silly addNameRange     '0.2.7',
60 silly addNameRange     '0.2.8',
60 silly addNameRange     '0.2.9',
60 silly addNameRange     '0.3.0',
60 silly addNameRange     '0.2.10',
60 silly addNameRange     '0.4.0',
60 silly addNameRange     '0.4.1',
60 silly addNameRange     '0.4.2',
60 silly addNameRange     '0.4.4',
60 silly addNameRange     '0.5.0',
60 silly addNameRange     '0.5.1',
60 silly addNameRange     '0.5.2',
60 silly addNameRange     '0.5.3',
60 silly addNameRange     '0.6.0',
60 silly addNameRange     '0.7.0',
60 silly addNameRange     '0.7.1',
60 silly addNameRange     '0.7.2',
60 silly addNameRange     '0.8.0',
60 silly addNameRange     '0.8.1',
60 silly addNameRange     '0.8.2',
60 silly addNameRange     '0.8.3',
60 silly addNameRange     '0.8.4',
60 silly addNameRange     '0.8.5',
60 silly addNameRange     '0.8.6',
60 silly addNameRange     '0.8.7',
60 silly addNameRange     '0.8.8',
60 silly addNameRange     '0.8.9',
60 silly addNameRange     '0.8.10',
60 silly addNameRange     '0.8.11',
60 silly addNameRange     '0.8.12',
60 silly addNameRange     '0.9.0',
60 silly addNameRange     '0.9.1',
60 silly addNameRange     '0.9.2',
60 silly addNameRange     '0.9.3',
60 silly addNameRange     '0.9.4',
60 silly addNameRange     '0.9.5',
60 silly addNameRange     '0.9.6',
60 silly addNameRange     '0.9.7',
60 silly addNameRange     '1.0.0',
60 silly addNameRange     '1.0.1',
60 silly addNameRange     '2.0.0',
60 silly addNameRange     '2.0.1',
60 silly addNameRange     '2.0.2',
60 silly addNameRange     '1.1.0',
60 silly addNameRange     '1.1.1',
60 silly addNameRange     '1.1.2',
60 silly addNameRange     '2.0.3',
60 silly addNameRange     '1.2.0',
60 silly addNameRange     '1.2.1',
60 silly addNameRange     '1.3.0',
60 silly addNameRange     '1.4.0',
60 silly addNameRange     '1.4.1' ] ]
61 silly addNamed q@1.4.1
62 verbose addNamed "1.4.1" is a plain semver version for q
63 silly cache afterAdd q@1.4.1
64 verbose afterAdd C:\Users\catydeter\AppData\Roaming\npm-cache\q\1.4.1\package\package.json not in flight; writing
65 verbose afterAdd C:\Users\catydeter\AppData\Roaming\npm-cache\q\1.4.1\package\package.json written
66 silly install resolved [ { name: 'q',
66 silly install resolved     version: '1.4.1',
66 silly install resolved     description: 'A library for promises (CommonJS/Promises/A,B,D)',
66 silly install resolved     homepage: 'https://github.com/kriskowal/q',
66 silly install resolved     author:
66 silly install resolved      { name: 'Kris Kowal',
66 silly install resolved        email: 'kris@cixar.com',
66 silly install resolved        url: 'https://github.com/kriskowal' },
66 silly install resolved     keywords:
66 silly install resolved      [ 'q',
66 silly install resolved        'promise',
66 silly install resolved        'promises',
66 silly install resolved        'promises-a',
66 silly install resolved        'promises-aplus',
66 silly install resolved        'deferred',
66 silly install resolved        'future',
66 silly install resolved        'async',
66 silly install resolved        'flow control',
66 silly install resolved        'fluent',
66 silly install resolved        'browser',
66 silly install resolved        'node' ],
66 silly install resolved     contributors: [ [Object], [Object], [Object] ],
66 silly install resolved     bugs: { url: 'http://github.com/kriskowal/q/issues' },
66 silly install resolved     license:
66 silly install resolved      { type: 'MIT',
66 silly install resolved        url: 'http://github.com/kriskowal/q/raw/master/LICENSE' },
66 silly install resolved     main: 'q.js',
66 silly install resolved     files: [ 'LICENSE', 'q.js', 'queue.js' ],
66 silly install resolved     repository: { type: 'git', url: 'git://github.com/kriskowal/q.git' },
66 silly install resolved     engines: { node: '>=0.6.0', teleport: '>=0.2.0' },
66 silly install resolved     dependencies: {},
66 silly install resolved     devDependencies:
66 silly install resolved      { cover: '*',
66 silly install resolved        grunt: '~0.4.1',
66 silly install resolved        'grunt-cli': '~0.1.9',
66 silly install resolved        'grunt-contrib-uglify': '~0.9.1',
66 silly install resolved        'jasmine-node': '1.11.0',
66 silly install resolved        jshint: '~2.1.9',
66 silly install resolved        matcha: '~0.2.0',
66 silly install resolved        opener: '*',
66 silly install resolved        'promises-aplus-tests': '1.x' },
66 silly install resolved     scripts:
66 silly install resolved      { test: 'jasmine-node spec && promises-aplus-tests spec/aplus-adapter',
66 silly install resolved        'test-browser': 'opener spec/q-spec.html',
66 silly install resolved        benchmark: 'matcha',
66 silly install resolved        lint: 'jshint q.js',
66 silly install resolved        cover: 'cover run jasmine-node spec && cover report html && opener cover_html/index.html',
66 silly install resolved        minify: 'grunt',
66 silly install resolved        prepublish: 'grunt' },
66 silly install resolved     overlay: { teleport: [Object] },
66 silly install resolved     directories: { test: './spec' },
66 silly install resolved     gitHead: 'd373079d3620152e3d60e82f27265a09ee0e81bd',
66 silly install resolved     _id: 'q@1.4.1',
66 silly install resolved     _shasum: '55705bcd93c5f3673530c2c2cbc0c2b3addc286e',
66 silly install resolved     _from: 'q@*',
66 silly install resolved     _npmVersion: '2.8.3',
66 silly install resolved     _nodeVersion: '1.8.1',
66 silly install resolved     _npmUser: { name: 'kriskowal', email: 'kris.kowal@cixar.com' },
66 silly install resolved     maintainers: [ [Object], [Object] ],
66 silly install resolved     dist:
66 silly install resolved      { shasum: '55705bcd93c5f3673530c2c2cbc0c2b3addc286e',
66 silly install resolved        tarball: 'http://registry.npmjs.org/q/-/q-1.4.1.tgz' },
66 silly install resolved     _resolved: 'https://registry.npmjs.org/q/-/q-1.4.1.tgz',
66 silly install resolved     readme: 'ERROR: No README data found!' } ]
67 info install q@1.4.1 into D:\github\cec_quantity
68 info installOne q@1.4.1
69 verbose installOne of q to D:\github\cec_quantity not in flight; installing
70 verbose lock using C:\Users\catydeter\AppData\Roaming\npm-cache\_locks\q-46849876f529144b.lock for D:\github\cec_quantity\node_modules\q
71 silly install write writing q 1.4.1 to D:\github\cec_quantity\node_modules\q
72 verbose unbuild node_modules\q
73 silly gentlyRm D:\github\cec_quantity\node_modules\q is being purged from base D:\github\cec_quantity
74 verbose gentlyRm don't care about contents; nuking D:\github\cec_quantity\node_modules\q
75 verbose tar unpack C:\Users\catydeter\AppData\Roaming\npm-cache\q\1.4.1\package.tgz
76 verbose tar unpacking to D:\github\cec_quantity\node_modules\q
77 silly gentlyRm D:\github\cec_quantity\node_modules\q is being purged
78 verbose gentlyRm don't care about contents; nuking D:\github\cec_quantity\node_modules\q
79 silly gunzTarPerm modes [ '777', '666' ]
80 silly gunzTarPerm extractEntry package.json
81 silly gunzTarPerm modified mode [ 'package.json', 420, 438 ]
82 silly gunzTarPerm extractEntry README.md
83 silly gunzTarPerm modified mode [ 'README.md', 420, 438 ]
84 silly gunzTarPerm extractEntry LICENSE
85 silly gunzTarPerm modified mode [ 'LICENSE', 420, 438 ]
86 silly gunzTarPerm extractEntry q.js
87 silly gunzTarPerm modified mode [ 'q.js', 420, 438 ]
88 silly gunzTarPerm extractEntry queue.js
89 silly gunzTarPerm modified mode [ 'queue.js', 420, 438 ]
90 silly gunzTarPerm extractEntry CHANGES.md
91 silly gunzTarPerm modified mode [ 'CHANGES.md', 420, 438 ]
92 verbose write writing to D:\github\cec_quantity\node_modules\q\package.json
93 info preinstall q@1.4.1
94 verbose readDependencies loading dependencies from D:\github\cec_quantity\node_modules\q\package.json
95 verbose readDependencies loading dependencies from D:\github\cec_quantity\node_modules\q\package.json
96 silly install resolved []
97 verbose about to build D:\github\cec_quantity\node_modules\q
98 info build D:\github\cec_quantity\node_modules\q
99 info linkStuff q@1.4.1
100 silly linkStuff q@1.4.1 has D:\github\cec_quantity\node_modules as its parent node_modules
101 verbose linkBins q@1.4.1
102 verbose linkMans q@1.4.1
103 verbose rebuildBundles q@1.4.1
104 info install q@1.4.1
105 info postinstall q@1.4.1
106 verbose unlock done using C:\Users\catydeter\AppData\Roaming\npm-cache\_locks\q-46849876f529144b.lock for D:\github\cec_quantity\node_modules\q
107 verbose validateInstall loading D:\github\cec_quantity\package.json for validation
108 verbose stack Error: The package history does not satisfy its siblings' peerDependencies requirements!
108 verbose stack     at C:\Program Files\nodejs\node_modules\npm\lib\install.js:125:32
108 verbose stack     at C:\Program Files\nodejs\node_modules\npm\lib\install.js:267:7
108 verbose stack     at C:\Program Files\nodejs\node_modules\npm\node_modules\read-installed\read-installed.js:138:5
108 verbose stack     at C:\Program Files\nodejs\node_modules\npm\node_modules\read-installed\read-installed.js:251:14
108 verbose stack     at cb (C:\Program Files\nodejs\node_modules\npm\node_modules\slide\lib\async-map.js:47:24)
108 verbose stack     at C:\Program Files\nodejs\node_modules\npm\node_modules\read-installed\read-installed.js:251:14
108 verbose stack     at cb (C:\Program Files\nodejs\node_modules\npm\node_modules\slide\lib\async-map.js:47:24)
108 verbose stack     at C:\Program Files\nodejs\node_modules\npm\node_modules\read-installed\read-installed.js:251:14
108 verbose stack     at cb (C:\Program Files\nodejs\node_modules\npm\node_modules\slide\lib\async-map.js:47:24)
108 verbose stack     at C:\Program Files\nodejs\node_modules\npm\node_modules\read-installed\read-installed.js:251:14
109 verbose cwd D:\github\cec_quantity
110 error Windows_NT 6.2.9200
111 error argv "C:\\Program Files\\nodejs\\\\node.exe" "C:\\Program Files\\nodejs\\node_modules\\npm\\bin\\npm-cli.js" "i" "q" "-S"
112 error node v0.12.7
113 error npm  v2.11.3
114 error code EPEERINVALID
115 error peerinvalid The package history does not satisfy its siblings' peerDependencies requirements!
115 error peerinvalid Peer react-router@1.0.2 wants history@1.13.x
116 verbose exit [ 1, true ]
